<?xml version="1.0" encoding="utf-8"?><testsuites name="pytest tests"><testsuite name="pytest" errors="0" failures="0" skipped="0" tests="22" time="2.885" timestamp="2026-09-11T16:17:33.491113+00:00" hostname="agent-env-28370f5c-2210-48d0-a11e-a8155e5581e7"><testcase classname="tests.test_validation_and_boundary" name="test_whitespace_only_name_rejected_on_create" time="0.162" /><testcase classname="tests.test_projects" name="test_preview_register_fixture_and_list" time="0.223" /><testcase classname="tests.test_validation_and_boundary" name="test_name_is_normalized" time="0.137" /><testcase classname="tests.test_projects" name="test_preview_rejects_arbitrary_path" time="0.076" /><testcase classname="tests.test_validation_and_boundary" name="test_whitespace_only_name_rejected_on_update" time="0.108" /><testcase classname="tests.test_projects" name="test_duplicate_fixture_registration_conflicts" time="0.109" /><testcase classname="tests.test_validation_and_boundary" name="test_reactivation_cannot_create_second_active_root" time="0.102" /><testcase classname="tests.test_projects" name="test_persistence_across_restart" time="0.101" /><testcase classname="tests.test_validation_and_boundary" name="test_dev_session_rejects_foreign_origin" time="0.095" /><testcase classname="tests.test_projects" name="test_remove_registration_leaves_source_untouched" time="0.111" /><testcase classname="tests.test_validation_and_boundary" name="test_dev_session_without_origin_is_allowed" time="0.071" /><testcase classname="tests.test_projects" name="test_desktop_registers_real_path_and_rejects_appdata_overlap" time="0.095" /><testcase classname="tests.test_local_api_auth" name="test_protected_route_requires_session" time="0.083" /><testcase classname="tests.test_health_build" name="test_startup_handshake_is_unauthenticated_and_reports_identity" time="0.065" /><testcase classname="tests.test_local_api_auth" name="test_correct_session_is_accepted" time="0.057" /><testcase classname="tests.test_health_build" name="test_build_requires_auth" time="0.072" /><testcase classname="tests.test_local_api_auth" name="test_preview_dev_handshake_issues_working_token" time="0.069" /><testcase classname="tests.test_health_build" name="test_build_and_diagnostics_report_real_runtime" time="0.058" /><testcase classname="tests.test_local_api_auth" name="test_dev_handshake_absent_in_desktop_mode" time="0.059" /><testcase classname="tests.test_migrations" name="test_migration_up_and_down" time="0.076" /><testcase classname="tests.test_single_instance" name="test_second_owner_is_rejected" time="0.002" /><testcase classname="tests.test_migrations" name="test_foreign_key_cascade_enforced" time="0.045" /></testsuite></testsuites>